{"recorder_version":"20","session":"ea5383963b59","build":"192.5728.98","bucket":"58","time":1565089200005,"group":{"id":"settings","version":"4"},"event":{"state":true,"data":{"component":"NotRoamableUiSettings","created":1565089200086},"id":"invoked"}}
{"recorder_version":"20","session":"ea5383963b59","build":"192.5728.98","bucket":"58","time":1565089200006,"group":{"id":"system.java","version":"1"},"event":{"state":true,"data":{"created":1565089200087,"version":"1.11"},"id":"JetBrains"}}
{"recorder_version":"20","session":"ea5383963b59","build":"192.5728.98","bucket":"58","time":1565089200007,"group":{"id":"system.java","version":"1"},"event":{"state":true,"data":{"created":1565089200092},"id":"invoked"}}
{"recorder_version":"20","session":"ea5383963b59","build":"192.5728.98","bucket":"58","time":1565089200007,"group":{"id":"settings","version":"4"},"event":{"state":true,"data":{"component":"UISettings","created":1565089200093},"id":"invoked"}}
{"recorder_version":"20","session":"ea5383963b59","build":"192.5728.98","bucket":"58","time":1565089200024,"group":{"id":"system.os","version":"3"},"event":{"state":true,"data":{"created":1565089200094,"version":"10.14"},"id":"Mac"}}
{"recorder_version":"20","session":"ea5383963b59","build":"192.5728.98","bucket":"58","time":1565089200024,"group":{"id":"system.os","version":"3"},"event":{"state":true,"data":{"created":1565089200095,"name":"Mac","version":"10.14"},"id":"os.name"}}
{"recorder_version":"20","session":"ea5383963b59","build":"192.5728.98","bucket":"58","time":1565089200024,"group":{"id":"system.os","version":"3"},"event":{"state":true,"data":{"created":1565089200096,"value":"+03_00"},"id":"os.timezone"}}
{"recorder_version":"20","session":"ea5383963b59","build":"192.5728.98","bucket":"58","time":1565089200024,"group":{"id":"system.os","version":"3"},"event":{"state":true,"data":{"created":1565089200096},"id":"invoked"}}
{"recorder_version":"20","session":"ea5383963b59","build":"192.5728.98","bucket":"58","time":1565089200086,"group":{"id":"event.log","version":"20"},"event":{"count":1,"data":{"created":1565089200097,"version":"645.0"},"id":"whitelist.loaded"}}
{"recorder_version":"20","session":"ea5383963b59","build":"192.5728.98","bucket":"58","time":1565089201320,"group":{"id":"settings","version":"4"},"event":{"state":true,"data":{"component":"UpdatesConfigurable","created":1565089201320,"name":"checkNeeded","type":"bool","value":false},"id":"not.default"}}
{"recorder_version":"20","session":"ea5383963b59","build":"192.5728.98","bucket":"58","time":1565089201320,"group":{"id":"settings","version":"4"},"event":{"state":true,"data":{"component":"UpdatesConfigurable","created":1565089201321},"id":"invoked"}}
{"recorder_version":"20","session":"ea5383963b59","build":"192.5728.98","bucket":"58","time":1565089201426,"group":{"id":"settings","version":"4"},"event":{"state":true,"data":{"component":"GeneralSettings","created":1565089201426},"id":"invoked"}}
{"recorder_version":"20","session":"ea5383963b59","build":"192.5728.98","bucket":"58","time":1565089201429,"group":{"id":"lifecycle","version":"20"},"event":{"count":1,"data":{"internal":true,"eap":false,"created":1565089201429},"id":"ide.start"}}
{"recorder_version":"20","session":"ea5383963b59","build":"192.5728.98","bucket":"58","time":1565089201640,"group":{"id":"lifecycle","version":"20"},"event":{"count":1,"data":{"created":1565089201640},"id":"frame.activated"}}
{"recorder_version":"20","session":"ea5383963b59","build":"192.5728.98","bucket":"58","time":1565089202034,"group":{"id":"ui.dialogs","version":"20"},"event":{"count":1,"data":{"created":1565089202034,"plugin_type":"PLATFORM","type":"show"},"id":"com.intellij.openapi.progress.util.ProgressDialog$MyDialogWrapper"}}
{"recorder_version":"20","session":"ea5383963b59","build":"192.5728.98","bucket":"58","time":1565089202083,"group":{"id":"performance","version":"20"},"event":{"count":1,"data":{"duration_ms":29,"created":1565089202084},"id":"ui.latency"}}
{"recorder_version":"20","session":"ea5383963b59","build":"192.5728.98","bucket":"58","time":1565089202899,"group":{"id":"lifecycle","version":"20"},"event":{"count":1,"data":{"created":1565089202899,"project":"14d3fc52796497d0fc5b17be3743dce6f62f93b1da7237e749db3f1a1f093797"},"id":"project.opened"}}
{"recorder_version":"20","session":"ea5383963b59","build":"192.5728.98","bucket":"58","time":1565089203516,"group":{"id":"performance","version":"20"},"event":{"count":1,"data":{"duration_ms":461,"created":1565089203516},"id":"ui.lagging"}}
{"recorder_version":"20","session":"ea5383963b59","build":"192.5728.98","bucket":"58","time":1565089203899,"group":{"id":"ui.tips","version":"2"},"event":{"count":1,"data":{"created":1565089203899,"type":"automatically"},"id":"dialog.shown"}}
{"recorder_version":"20","session":"ea5383963b59","build":"192.5728.98","bucket":"58","time":1565089203952,"group":{"id":"ui.dialogs","version":"20"},"event":{"count":1,"data":{"created":1565089203952,"plugin_type":"PLATFORM","type":"show"},"id":"com.intellij.ide.util.TipDialog"}}
{"recorder_version":"20","session":"ea5383963b59","build":"192.5728.98","bucket":"58","time":1565089204570,"group":{"id":"kotlin.jps.target","version":"1"},"event":{"count":1,"data":{"plugin_version":"1.3.41-release-IJ2019.2-1","created":1565089204570},"id":"jvm"}}
{"recorder_version":"20","session":"ea5383963b59","build":"192.5728.98","bucket":"58","time":1565089204822,"group":{"id":"project.fs","version":"1"},"event":{"state":true,"data":{"os":"Mac","cs-project":false,"created":1565089204823,"project":"14d3fc52796497d0fc5b17be3743dce6f62f93b1da7237e749db3f1a1f093797","cs-implicit":true,"cs-system":false},"id":"case-sensitivity"}}
{"recorder_version":"20","session":"ea5383963b59","build":"192.5728.98","bucket":"58","time":1565089204822,"group":{"id":"project.fs","version":"1"},"event":{"state":true,"data":{"created":1565089204823},"id":"invoked"}}
{"recorder_version":"20","session":"ea5383963b59","build":"192.5728.98","bucket":"58","time":1565089204823,"group":{"id":"project.fs","version":"1"},"event":{"state":true,"data":{"pct-non-watched":0,"created":1565089204823,"project":"14d3fc52796497d0fc5b17be3743dce6f62f93b1da7237e749db3f1a1f093797"},"id":"roots-watched"}}
{"recorder_version":"20","session":"ea5383963b59","build":"192.5728.98","bucket":"58","time":1565089204823,"group":{"id":"project.fs","version":"1"},"event":{"state":true,"data":{"created":1565089204823},"id":"invoked"}}
{"recorder_version":"20","session":"ea5383963b59","build":"192.5728.98","bucket":"58","time":1565089204864,"group":{"id":"settings","version":"4"},"event":{"state":true,"data":{"component":"XmlEditorOptions","created":1565089204864},"id":"invoked"}}
{"recorder_version":"20","session":"ea5383963b59","build":"192.5728.98","bucket":"58","time":1565089204869,"group":{"id":"ui.dialogs","version":"20"},"event":{"count":1,"data":{"code":1,"created":1565089204869,"plugin_type":"PLATFORM","type":"close"},"id":"com.intellij.openapi.progress.util.ProgressDialog$MyDialogWrapper"}}
{"recorder_version":"20","session":"ea5383963b59","build":"192.5728.98","bucket":"58","time":1565089205209,"group":{"id":"lifecycle","version":"20"},"event":{"count":1,"data":{"duration_ms":3425,"created":1565089205209,"project":"14d3fc52796497d0fc5b17be3743dce6f62f93b1da7237e749db3f1a1f093797"},"id":"project.opening.finished"}}
{"recorder_version":"20","session":"ea5383963b59","build":"192.5728.98","bucket":"58","time":1565089205228,"group":{"id":"performance","version":"20"},"event":{"count":1,"data":{"duration_ms":167,"created":1565089205229},"id":"ui.lagging"}}
{"recorder_version":"20","session":"ea5383963b59","build":"192.5728.98","bucket":"58","time":1565089205680,"group":{"id":"vcs.change.reminder","version":"1"},"event":{"count":1,"data":{"created":1565089205680,"project":"14d3fc52796497d0fc5b17be3743dce6f62f93b1da7237e749db3f1a1f093797","execution_time":101},"id":"prediction.calculated"}}
{"recorder_version":"20","session":"ea5383963b59","build":"192.5728.98","bucket":"58","time":1565089205711,"group":{"id":"vcs.change.reminder","version":"1"},"event":{"count":1,"data":{"created":1565089205711,"project":"14d3fc52796497d0fc5b17be3743dce6f62f93b1da7237e749db3f1a1f093797","execution_time":20},"id":"prediction.calculated"}}
{"recorder_version":"20","session":"ea5383963b59","build":"192.5728.98","bucket":"58","time":1565089206232,"group":{"id":"vcs.change.reminder","version":"1"},"event":{"count":1,"data":{"created":1565089206232,"project":"14d3fc52796497d0fc5b17be3743dce6f62f93b1da7237e749db3f1a1f093797","execution_time":13},"id":"prediction.calculated"}}
{"recorder_version":"20","session":"ea5383963b59","build":"192.5728.98","bucket":"58","time":1565089225438,"group":{"id":"ui.dialogs","version":"20"},"event":{"count":1,"data":{"code":1,"created":1565089225439,"plugin_type":"PLATFORM","type":"close"},"id":"com.intellij.ide.util.TipDialog"}}
{"recorder_version":"20","session":"ea5383963b59","build":"192.5728.98","bucket":"58","time":1565089233984,"group":{"id":"actions","version":"20"},"event":{"count":1,"data":{"context_menu":false,"plugin":"idea-plugin.kotlin-process","created":1565089233985,"plugin_type":"JB_NOT_BUNDLED","project":"14d3fc52796497d0fc5b17be3743dce6f62f93b1da7237e749db3f1a1f093797","place":"keyboard_shortcut","class":"org.jetbrains.kotlinProcessPlugin.actions.TicketAction","input_event":"Meta+Alt+I"},"id":"org.jetbrains.kotlinProcessPlugin.actions.TicketAction"}}
{"recorder_version":"20","session":"ea5383963b59","build":"192.5728.98","bucket":"58","time":1565089234134,"group":{"id":"ui.dialogs","version":"20"},"event":{"count":1,"data":{"plugin":"idea-plugin.kotlin-process","created":1565089234134,"plugin_type":"JB_NOT_BUNDLED","type":"show"},"id":"org.jetbrains.kotlinProcessPlugin.ui.issue.TicketSelectionDialog"}}
