{"recorder_version":"20","session":"6c048405bea3","build":"192.5728.98","bucket":"58","time":1565089359139,"group":{"id":"settings","version":"4"},"event":{"state":true,"data":{"component":"NotRoamableUiSettings","created":1565089359211},"id":"invoked"}}
{"recorder_version":"20","session":"6c048405bea3","build":"192.5728.98","bucket":"58","time":1565089359140,"group":{"id":"system.java","version":"1"},"event":{"state":true,"data":{"created":1565089359213,"version":"1.11"},"id":"JetBrains"}}
{"recorder_version":"20","session":"6c048405bea3","build":"192.5728.98","bucket":"58","time":1565089359140,"group":{"id":"system.java","version":"1"},"event":{"state":true,"data":{"created":1565089359218},"id":"invoked"}}
{"recorder_version":"20","session":"6c048405bea3","build":"192.5728.98","bucket":"58","time":1565089359140,"group":{"id":"settings","version":"4"},"event":{"state":true,"data":{"component":"UISettings","created":1565089359219},"id":"invoked"}}
{"recorder_version":"20","session":"6c048405bea3","build":"192.5728.98","bucket":"58","time":1565089359158,"group":{"id":"system.os","version":"3"},"event":{"state":true,"data":{"created":1565089359219,"version":"10.14"},"id":"Mac"}}
{"recorder_version":"20","session":"6c048405bea3","build":"192.5728.98","bucket":"58","time":1565089359158,"group":{"id":"system.os","version":"3"},"event":{"state":true,"data":{"created":1565089359220,"name":"Mac","version":"10.14"},"id":"os.name"}}
{"recorder_version":"20","session":"6c048405bea3","build":"192.5728.98","bucket":"58","time":1565089359158,"group":{"id":"system.os","version":"3"},"event":{"state":true,"data":{"created":1565089359220,"value":"+03_00"},"id":"os.timezone"}}
{"recorder_version":"20","session":"6c048405bea3","build":"192.5728.98","bucket":"58","time":1565089359158,"group":{"id":"system.os","version":"3"},"event":{"state":true,"data":{"created":1565089359220},"id":"invoked"}}
{"recorder_version":"20","session":"6c048405bea3","build":"192.5728.98","bucket":"58","time":1565089359211,"group":{"id":"event.log","version":"20"},"event":{"count":1,"data":{"created":1565089359221,"version":"645.0"},"id":"whitelist.loaded"}}
{"recorder_version":"20","session":"6c048405bea3","build":"192.5728.98","bucket":"58","time":1565089360385,"group":{"id":"settings","version":"4"},"event":{"state":true,"data":{"component":"UpdatesConfigurable","created":1565089360385,"name":"checkNeeded","type":"bool","value":false},"id":"not.default"}}
{"recorder_version":"20","session":"6c048405bea3","build":"192.5728.98","bucket":"58","time":1565089360385,"group":{"id":"settings","version":"4"},"event":{"state":true,"data":{"component":"UpdatesConfigurable","created":1565089360386},"id":"invoked"}}
{"recorder_version":"20","session":"6c048405bea3","build":"192.5728.98","bucket":"58","time":1565089360487,"group":{"id":"settings","version":"4"},"event":{"state":true,"data":{"component":"GeneralSettings","created":1565089360487},"id":"invoked"}}
{"recorder_version":"20","session":"6c048405bea3","build":"192.5728.98","bucket":"58","time":1565089360491,"group":{"id":"lifecycle","version":"20"},"event":{"count":1,"data":{"internal":true,"eap":false,"created":1565089360492},"id":"ide.start"}}
{"recorder_version":"20","session":"6c048405bea3","build":"192.5728.98","bucket":"58","time":1565089360672,"group":{"id":"lifecycle","version":"20"},"event":{"count":1,"data":{"created":1565089360672},"id":"frame.activated"}}
{"recorder_version":"20","session":"6c048405bea3","build":"192.5728.98","bucket":"58","time":1565089361071,"group":{"id":"ui.dialogs","version":"20"},"event":{"count":1,"data":{"created":1565089361071,"plugin_type":"PLATFORM","type":"show"},"id":"com.intellij.openapi.progress.util.ProgressDialog$MyDialogWrapper"}}
{"recorder_version":"20","session":"6c048405bea3","build":"192.5728.98","bucket":"58","time":1565089361193,"group":{"id":"performance","version":"20"},"event":{"count":1,"data":{"duration_ms":51,"created":1565089361194},"id":"ui.latency"}}
{"recorder_version":"20","session":"6c048405bea3","build":"192.5728.98","bucket":"58","time":1565089361882,"group":{"id":"lifecycle","version":"20"},"event":{"count":1,"data":{"created":1565089361882,"project":"14d3fc52796497d0fc5b17be3743dce6f62f93b1da7237e749db3f1a1f093797"},"id":"project.opened"}}
{"recorder_version":"20","session":"6c048405bea3","build":"192.5728.98","bucket":"58","time":1565089362437,"group":{"id":"performance","version":"20"},"event":{"count":1,"data":{"duration_ms":291,"created":1565089362437},"id":"ui.lagging"}}
{"recorder_version":"20","session":"6c048405bea3","build":"192.5728.98","bucket":"58","time":1565089362816,"group":{"id":"ui.tips","version":"2"},"event":{"count":1,"data":{"created":1565089362816,"type":"automatically"},"id":"dialog.shown"}}
{"recorder_version":"20","session":"6c048405bea3","build":"192.5728.98","bucket":"58","time":1565089362865,"group":{"id":"ui.dialogs","version":"20"},"event":{"count":1,"data":{"created":1565089362866,"plugin_type":"PLATFORM","type":"show"},"id":"com.intellij.ide.util.TipDialog"}}
{"recorder_version":"20","session":"6c048405bea3","build":"192.5728.98","bucket":"58","time":1565089363440,"group":{"id":"kotlin.jps.target","version":"1"},"event":{"count":1,"data":{"plugin_version":"1.3.41-release-IJ2019.2-1","created":1565089363441},"id":"jvm"}}
{"recorder_version":"20","session":"6c048405bea3","build":"192.5728.98","bucket":"58","time":1565089363598,"group":{"id":"project.fs","version":"1"},"event":{"state":true,"data":{"os":"Mac","cs-project":false,"created":1565089363598,"project":"14d3fc52796497d0fc5b17be3743dce6f62f93b1da7237e749db3f1a1f093797","cs-implicit":true,"cs-system":false},"id":"case-sensitivity"}}
{"recorder_version":"20","session":"6c048405bea3","build":"192.5728.98","bucket":"58","time":1565089363598,"group":{"id":"project.fs","version":"1"},"event":{"state":true,"data":{"created":1565089363598},"id":"invoked"}}
{"recorder_version":"20","session":"6c048405bea3","build":"192.5728.98","bucket":"58","time":1565089363598,"group":{"id":"project.fs","version":"1"},"event":{"state":true,"data":{"pct-non-watched":0,"created":1565089363598,"project":"14d3fc52796497d0fc5b17be3743dce6f62f93b1da7237e749db3f1a1f093797"},"id":"roots-watched"}}
{"recorder_version":"20","session":"6c048405bea3","build":"192.5728.98","bucket":"58","time":1565089363598,"group":{"id":"project.fs","version":"1"},"event":{"state":true,"data":{"created":1565089363598},"id":"invoked"}}
{"recorder_version":"20","session":"6c048405bea3","build":"192.5728.98","bucket":"58","time":1565089363638,"group":{"id":"settings","version":"4"},"event":{"state":true,"data":{"component":"XmlEditorOptions","created":1565089363638},"id":"invoked"}}
{"recorder_version":"20","session":"6c048405bea3","build":"192.5728.98","bucket":"58","time":1565089363748,"group":{"id":"ui.dialogs","version":"20"},"event":{"count":1,"data":{"code":1,"created":1565089363748,"plugin_type":"PLATFORM","type":"close"},"id":"com.intellij.openapi.progress.util.ProgressDialog$MyDialogWrapper"}}
{"recorder_version":"20","session":"6c048405bea3","build":"192.5728.98","bucket":"58","time":1565089364138,"group":{"id":"lifecycle","version":"20"},"event":{"count":1,"data":{"duration_ms":3338,"created":1565089364138,"project":"14d3fc52796497d0fc5b17be3743dce6f62f93b1da7237e749db3f1a1f093797"},"id":"project.opening.finished"}}
{"recorder_version":"20","session":"6c048405bea3","build":"192.5728.98","bucket":"58","time":1565089364572,"group":{"id":"vcs.change.reminder","version":"1"},"event":{"count":1,"data":{"created":1565089364572,"project":"14d3fc52796497d0fc5b17be3743dce6f62f93b1da7237e749db3f1a1f093797","execution_time":69},"id":"prediction.calculated"}}
{"recorder_version":"20","session":"6c048405bea3","build":"192.5728.98","bucket":"58","time":1565089364585,"group":{"id":"vcs.change.reminder","version":"1"},"event":{"count":1,"data":{"created":1565089364585,"project":"14d3fc52796497d0fc5b17be3743dce6f62f93b1da7237e749db3f1a1f093797","execution_time":13},"id":"prediction.calculated"}}
{"recorder_version":"20","session":"6c048405bea3","build":"192.5728.98","bucket":"58","time":1565089365074,"group":{"id":"vcs.change.reminder","version":"1"},"event":{"count":1,"data":{"created":1565089365074,"project":"14d3fc52796497d0fc5b17be3743dce6f62f93b1da7237e749db3f1a1f093797","execution_time":14},"id":"prediction.calculated"}}
{"recorder_version":"20","session":"6c048405bea3","build":"192.5728.98","bucket":"58","time":1565089365117,"group":{"id":"vcs.change.reminder","version":"1"},"event":{"count":1,"data":{"created":1565089365117,"project":"14d3fc52796497d0fc5b17be3743dce6f62f93b1da7237e749db3f1a1f093797","execution_time":12},"id":"prediction.calculated"}}
{"recorder_version":"20","session":"6c048405bea3","build":"192.5728.98","bucket":"58","time":1565089366917,"group":{"id":"ui.dialogs","version":"20"},"event":{"count":1,"data":{"code":1,"created":1565089366918,"plugin_type":"PLATFORM","type":"close"},"id":"com.intellij.ide.util.TipDialog"}}
{"recorder_version":"20","session":"6c048405bea3","build":"192.5728.98","bucket":"58","time":1565089367760,"group":{"id":"actions","version":"20"},"event":{"count":1,"data":{"context_menu":false,"plugin":"idea-plugin.kotlin-process","created":1565089367761,"plugin_type":"JB_NOT_BUNDLED","project":"14d3fc52796497d0fc5b17be3743dce6f62f93b1da7237e749db3f1a1f093797","place":"keyboard_shortcut","class":"org.jetbrains.kotlinProcessPlugin.actions.TicketAction","input_event":"Meta+Alt+I"},"id":"org.jetbrains.kotlinProcessPlugin.actions.TicketAction"}}
{"recorder_version":"20","session":"6c048405bea3","build":"192.5728.98","bucket":"58","time":1565089367920,"group":{"id":"ui.dialogs","version":"20"},"event":{"count":1,"data":{"plugin":"idea-plugin.kotlin-process","created":1565089367920,"plugin_type":"JB_NOT_BUNDLED","type":"show"},"id":"org.jetbrains.kotlinProcessPlugin.ui.issue.TicketSelectionDialog"}}
{"recorder_version":"20","session":"6c048405bea3","build":"192.5728.98","bucket":"58","time":1565089370825,"group":{"id":"lifecycle","version":"20"},"event":{"count":1,"data":{"created":1565089370825,"project":"14d3fc52796497d0fc5b17be3743dce6f62f93b1da7237e749db3f1a1f093797"},"id":"frame.deactivated"}}
{"recorder_version":"20","session":"6c048405bea3","build":"192.5728.98","bucket":"58","time":1565089375427,"group":{"id":"lifecycle","version":"20"},"event":{"count":1,"data":{"created":1565089375427,"project":"14d3fc52796497d0fc5b17be3743dce6f62f93b1da7237e749db3f1a1f093797"},"id":"frame.activated"}}
{"recorder_version":"20","session":"6c048405bea3","build":"192.5728.98","bucket":"58","time":1565089377416,"group":{"id":"performance","version":"20"},"event":{"count":1,"data":{"duration_ms":234,"created":1565089377416},"id":"ui.lagging"}}
