{"recorder_version":"20","session":"bf3ac4eb351a","build":"192.5728.98","bucket":"58","time":1565089975777,"group":{"id":"settings","version":"4"},"event":{"state":true,"data":{"component":"NotRoamableUiSettings","created":1565089975864},"id":"invoked"}}
{"recorder_version":"20","session":"bf3ac4eb351a","build":"192.5728.98","bucket":"58","time":1565089975780,"group":{"id":"settings","version":"4"},"event":{"state":true,"data":{"component":"UISettings","created":1565089975865},"id":"invoked"}}
{"recorder_version":"20","session":"bf3ac4eb351a","build":"192.5728.98","bucket":"58","time":1565089975780,"group":{"id":"system.java","version":"1"},"event":{"state":true,"data":{"created":1565089975872,"version":"1.11"},"id":"JetBrains"}}
{"recorder_version":"20","session":"bf3ac4eb351a","build":"192.5728.98","bucket":"58","time":1565089975780,"group":{"id":"system.java","version":"1"},"event":{"state":true,"data":{"created":1565089975873},"id":"invoked"}}
{"recorder_version":"20","session":"bf3ac4eb351a","build":"192.5728.98","bucket":"58","time":1565089975803,"group":{"id":"system.os","version":"3"},"event":{"state":true,"data":{"created":1565089975874,"version":"10.14"},"id":"Mac"}}
{"recorder_version":"20","session":"bf3ac4eb351a","build":"192.5728.98","bucket":"58","time":1565089975803,"group":{"id":"system.os","version":"3"},"event":{"state":true,"data":{"created":1565089975876,"name":"Mac","version":"10.14"},"id":"os.name"}}
{"recorder_version":"20","session":"bf3ac4eb351a","build":"192.5728.98","bucket":"58","time":1565089975803,"group":{"id":"system.os","version":"3"},"event":{"state":true,"data":{"created":1565089975876,"value":"+03_00"},"id":"os.timezone"}}
{"recorder_version":"20","session":"bf3ac4eb351a","build":"192.5728.98","bucket":"58","time":1565089975803,"group":{"id":"system.os","version":"3"},"event":{"state":true,"data":{"created":1565089975877},"id":"invoked"}}
{"recorder_version":"20","session":"bf3ac4eb351a","build":"192.5728.98","bucket":"58","time":1565089975863,"group":{"id":"event.log","version":"20"},"event":{"count":1,"data":{"created":1565089975877,"version":"645.0"},"id":"whitelist.loaded"}}
{"recorder_version":"20","session":"bf3ac4eb351a","build":"192.5728.98","bucket":"58","time":1565089977164,"group":{"id":"settings","version":"4"},"event":{"state":true,"data":{"component":"UpdatesConfigurable","created":1565089977164,"name":"checkNeeded","type":"bool","value":false},"id":"not.default"}}
{"recorder_version":"20","session":"bf3ac4eb351a","build":"192.5728.98","bucket":"58","time":1565089977164,"group":{"id":"settings","version":"4"},"event":{"state":true,"data":{"component":"UpdatesConfigurable","created":1565089977165},"id":"invoked"}}
{"recorder_version":"20","session":"bf3ac4eb351a","build":"192.5728.98","bucket":"58","time":1565089977272,"group":{"id":"settings","version":"4"},"event":{"state":true,"data":{"component":"GeneralSettings","created":1565089977272},"id":"invoked"}}
{"recorder_version":"20","session":"bf3ac4eb351a","build":"192.5728.98","bucket":"58","time":1565089977275,"group":{"id":"lifecycle","version":"20"},"event":{"count":1,"data":{"internal":true,"eap":false,"created":1565089977275},"id":"ide.start"}}
{"recorder_version":"20","session":"bf3ac4eb351a","build":"192.5728.98","bucket":"58","time":1565089977562,"group":{"id":"lifecycle","version":"20"},"event":{"count":1,"data":{"created":1565089977562},"id":"frame.activated"}}
{"recorder_version":"20","session":"bf3ac4eb351a","build":"192.5728.98","bucket":"58","time":1565089977882,"group":{"id":"performance","version":"20"},"event":{"count":1,"data":{"duration_ms":0,"created":1565089977883},"id":"ui.latency"}}
{"recorder_version":"20","session":"bf3ac4eb351a","build":"192.5728.98","bucket":"58","time":1565089977990,"group":{"id":"ui.dialogs","version":"20"},"event":{"count":1,"data":{"created":1565089977990,"plugin_type":"PLATFORM","type":"show"},"id":"com.intellij.openapi.progress.util.ProgressDialog$MyDialogWrapper"}}
{"recorder_version":"20","session":"bf3ac4eb351a","build":"192.5728.98","bucket":"58","time":1565089979051,"group":{"id":"lifecycle","version":"20"},"event":{"count":1,"data":{"created":1565089979051,"project":"14d3fc52796497d0fc5b17be3743dce6f62f93b1da7237e749db3f1a1f093797"},"id":"project.opened"}}
{"recorder_version":"20","session":"bf3ac4eb351a","build":"192.5728.98","bucket":"58","time":1565089980372,"group":{"id":"ui.tips","version":"2"},"event":{"count":1,"data":{"created":1565089980372,"type":"automatically"},"id":"dialog.shown"}}
{"recorder_version":"20","session":"bf3ac4eb351a","build":"192.5728.98","bucket":"58","time":1565089980444,"group":{"id":"ui.dialogs","version":"20"},"event":{"count":1,"data":{"created":1565089980444,"plugin_type":"PLATFORM","type":"show"},"id":"com.intellij.ide.util.TipDialog"}}
{"recorder_version":"20","session":"bf3ac4eb351a","build":"192.5728.98","bucket":"58","time":1565089981427,"group":{"id":"kotlin.jps.target","version":"1"},"event":{"count":1,"data":{"plugin_version":"1.3.41-release-IJ2019.2-1","created":1565089981428},"id":"jvm"}}
{"recorder_version":"20","session":"bf3ac4eb351a","build":"192.5728.98","bucket":"58","time":1565089981940,"group":{"id":"project.fs","version":"1"},"event":{"state":true,"data":{"os":"Mac","cs-project":false,"created":1565089981940,"project":"14d3fc52796497d0fc5b17be3743dce6f62f93b1da7237e749db3f1a1f093797","cs-implicit":true,"cs-system":false},"id":"case-sensitivity"}}
{"recorder_version":"20","session":"bf3ac4eb351a","build":"192.5728.98","bucket":"58","time":1565089981940,"group":{"id":"project.fs","version":"1"},"event":{"state":true,"data":{"created":1565089981941},"id":"invoked"}}
{"recorder_version":"20","session":"bf3ac4eb351a","build":"192.5728.98","bucket":"58","time":1565089981941,"group":{"id":"project.fs","version":"1"},"event":{"state":true,"data":{"pct-non-watched":0,"created":1565089981941,"project":"14d3fc52796497d0fc5b17be3743dce6f62f93b1da7237e749db3f1a1f093797"},"id":"roots-watched"}}
{"recorder_version":"20","session":"bf3ac4eb351a","build":"192.5728.98","bucket":"58","time":1565089981941,"group":{"id":"project.fs","version":"1"},"event":{"state":true,"data":{"created":1565089981941},"id":"invoked"}}
{"recorder_version":"20","session":"bf3ac4eb351a","build":"192.5728.98","bucket":"58","time":1565089981987,"group":{"id":"settings","version":"4"},"event":{"state":true,"data":{"component":"XmlEditorOptions","created":1565089981987},"id":"invoked"}}
{"recorder_version":"20","session":"bf3ac4eb351a","build":"192.5728.98","bucket":"58","time":1565089981993,"group":{"id":"ui.dialogs","version":"20"},"event":{"count":1,"data":{"code":1,"created":1565089981993,"plugin_type":"PLATFORM","type":"close"},"id":"com.intellij.openapi.progress.util.ProgressDialog$MyDialogWrapper"}}
{"recorder_version":"20","session":"bf3ac4eb351a","build":"192.5728.98","bucket":"58","time":1565089982567,"group":{"id":"lifecycle","version":"20"},"event":{"count":1,"data":{"duration_ms":4832,"created":1565089982567,"project":"14d3fc52796497d0fc5b17be3743dce6f62f93b1da7237e749db3f1a1f093797"},"id":"project.opening.finished"}}
{"recorder_version":"20","session":"bf3ac4eb351a","build":"192.5728.98","bucket":"58","time":1565089982640,"group":{"id":"actions","version":"20"},"event":{"count":1,"data":{"context_menu":false,"created":1565089982640,"plugin_type":"PLATFORM","project":"14d3fc52796497d0fc5b17be3743dce6f62f93b1da7237e749db3f1a1f093797","place":"TouchBarGeneral","class":"com.intellij.ui.mac.touchbar.BuildUtils$3","input_event":"Touchbar"},"id":"com.intellij.ui.mac.touchbar.BuildUtils$3"}}
{"recorder_version":"20","session":"bf3ac4eb351a","build":"192.5728.98","bucket":"58","time":1565089982641,"group":{"id":"ui.dialogs","version":"20"},"event":{"count":1,"data":{"code":1,"created":1565089982641,"plugin_type":"PLATFORM","type":"close"},"id":"com.intellij.ide.util.TipDialog"}}
{"recorder_version":"20","session":"bf3ac4eb351a","build":"192.5728.98","bucket":"58","time":1565089983465,"group":{"id":"actions","version":"20"},"event":{"count":1,"data":{"context_menu":false,"plugin":"idea-plugin.kotlin-process","created":1565089983466,"plugin_type":"JB_NOT_BUNDLED","project":"14d3fc52796497d0fc5b17be3743dce6f62f93b1da7237e749db3f1a1f093797","place":"keyboard_shortcut","class":"org.jetbrains.kotlinProcessPlugin.actions.TicketAction","input_event":"Meta+Alt+I"},"id":"org.jetbrains.kotlinProcessPlugin.actions.TicketAction"}}
{"recorder_version":"20","session":"bf3ac4eb351a","build":"192.5728.98","bucket":"58","time":1565089983502,"group":{"id":"vcs.change.reminder","version":"1"},"event":{"count":1,"data":{"created":1565089983502,"project":"14d3fc52796497d0fc5b17be3743dce6f62f93b1da7237e749db3f1a1f093797","execution_time":33},"id":"prediction.calculated"}}
{"recorder_version":"20","session":"bf3ac4eb351a","build":"192.5728.98","bucket":"58","time":1565089983516,"group":{"id":"vcs.change.reminder","version":"1"},"event":{"count":1,"data":{"created":1565089983517,"project":"14d3fc52796497d0fc5b17be3743dce6f62f93b1da7237e749db3f1a1f093797","execution_time":14},"id":"prediction.calculated"}}
{"recorder_version":"20","session":"bf3ac4eb351a","build":"192.5728.98","bucket":"58","time":1565089984116,"group":{"id":"ui.dialogs","version":"20"},"event":{"count":1,"data":{"plugin":"idea-plugin.kotlin-process","created":1565089984116,"plugin_type":"JB_NOT_BUNDLED","type":"show"},"id":"org.jetbrains.kotlinProcessPlugin.ui.issue.TicketSelectionDialog"}}
