{"recorder_version":"20","session":"ee7c2798f21e","build":"192.5728.98","bucket":"58","time":1565090755599,"group":{"id":"settings","version":"4"},"event":{"state":true,"data":{"component":"NotRoamableUiSettings","created":1565090755675},"id":"invoked"}}
{"recorder_version":"20","session":"ee7c2798f21e","build":"192.5728.98","bucket":"58","time":1565090755600,"group":{"id":"system.java","version":"1"},"event":{"state":true,"data":{"created":1565090755676,"version":"1.11"},"id":"JetBrains"}}
{"recorder_version":"20","session":"ee7c2798f21e","build":"192.5728.98","bucket":"58","time":1565090755600,"group":{"id":"system.java","version":"1"},"event":{"state":true,"data":{"created":1565090755681},"id":"invoked"}}
{"recorder_version":"20","session":"ee7c2798f21e","build":"192.5728.98","bucket":"58","time":1565090755600,"group":{"id":"settings","version":"4"},"event":{"state":true,"data":{"component":"UISettings","created":1565090755681},"id":"invoked"}}
{"recorder_version":"20","session":"ee7c2798f21e","build":"192.5728.98","bucket":"58","time":1565090755616,"group":{"id":"system.os","version":"3"},"event":{"state":true,"data":{"created":1565090755681,"version":"10.14"},"id":"Mac"}}
{"recorder_version":"20","session":"ee7c2798f21e","build":"192.5728.98","bucket":"58","time":1565090755616,"group":{"id":"system.os","version":"3"},"event":{"state":true,"data":{"created":1565090755682,"name":"Mac","version":"10.14"},"id":"os.name"}}
{"recorder_version":"20","session":"ee7c2798f21e","build":"192.5728.98","bucket":"58","time":1565090755616,"group":{"id":"system.os","version":"3"},"event":{"state":true,"data":{"created":1565090755683,"value":"+03_00"},"id":"os.timezone"}}
{"recorder_version":"20","session":"ee7c2798f21e","build":"192.5728.98","bucket":"58","time":1565090755616,"group":{"id":"system.os","version":"3"},"event":{"state":true,"data":{"created":1565090755683},"id":"invoked"}}
{"recorder_version":"20","session":"ee7c2798f21e","build":"192.5728.98","bucket":"58","time":1565090755674,"group":{"id":"event.log","version":"20"},"event":{"count":1,"data":{"created":1565090755683,"version":"645.0"},"id":"whitelist.loaded"}}
{"recorder_version":"20","session":"ee7c2798f21e","build":"192.5728.98","bucket":"58","time":1565090756871,"group":{"id":"settings","version":"4"},"event":{"state":true,"data":{"component":"UpdatesConfigurable","created":1565090756871,"name":"checkNeeded","type":"bool","value":false},"id":"not.default"}}
{"recorder_version":"20","session":"ee7c2798f21e","build":"192.5728.98","bucket":"58","time":1565090756871,"group":{"id":"settings","version":"4"},"event":{"state":true,"data":{"component":"UpdatesConfigurable","created":1565090756872},"id":"invoked"}}
{"recorder_version":"20","session":"ee7c2798f21e","build":"192.5728.98","bucket":"58","time":1565090756970,"group":{"id":"settings","version":"4"},"event":{"state":true,"data":{"component":"GeneralSettings","created":1565090756970},"id":"invoked"}}
{"recorder_version":"20","session":"ee7c2798f21e","build":"192.5728.98","bucket":"58","time":1565090756974,"group":{"id":"lifecycle","version":"20"},"event":{"count":1,"data":{"internal":true,"eap":false,"created":1565090756974},"id":"ide.start"}}
{"recorder_version":"20","session":"ee7c2798f21e","build":"192.5728.98","bucket":"58","time":1565090757150,"group":{"id":"lifecycle","version":"20"},"event":{"count":1,"data":{"created":1565090757150},"id":"frame.activated"}}
{"recorder_version":"20","session":"ee7c2798f21e","build":"192.5728.98","bucket":"58","time":1565090757548,"group":{"id":"ui.dialogs","version":"20"},"event":{"count":1,"data":{"created":1565090757548,"plugin_type":"PLATFORM","type":"show"},"id":"com.intellij.openapi.progress.util.ProgressDialog$MyDialogWrapper"}}
{"recorder_version":"20","session":"ee7c2798f21e","build":"192.5728.98","bucket":"58","time":1565090757674,"group":{"id":"performance","version":"20"},"event":{"count":1,"data":{"duration_ms":43,"created":1565090757674},"id":"ui.latency"}}
{"recorder_version":"20","session":"ee7c2798f21e","build":"192.5728.98","bucket":"58","time":1565090758320,"group":{"id":"lifecycle","version":"20"},"event":{"count":1,"data":{"created":1565090758320,"project":"14d3fc52796497d0fc5b17be3743dce6f62f93b1da7237e749db3f1a1f093797"},"id":"project.opened"}}
{"recorder_version":"20","session":"ee7c2798f21e","build":"192.5728.98","bucket":"58","time":1565090758876,"group":{"id":"performance","version":"20"},"event":{"count":1,"data":{"duration_ms":245,"created":1565090758876},"id":"ui.lagging"}}
{"recorder_version":"20","session":"ee7c2798f21e","build":"192.5728.98","bucket":"58","time":1565090759244,"group":{"id":"ui.tips","version":"2"},"event":{"count":1,"data":{"created":1565090759244,"type":"automatically"},"id":"dialog.shown"}}
{"recorder_version":"20","session":"ee7c2798f21e","build":"192.5728.98","bucket":"58","time":1565090759272,"group":{"id":"ui.dialogs","version":"20"},"event":{"count":1,"data":{"created":1565090759272,"plugin_type":"PLATFORM","type":"show"},"id":"com.intellij.ide.util.TipDialog"}}
{"recorder_version":"20","session":"ee7c2798f21e","build":"192.5728.98","bucket":"58","time":1565090759874,"group":{"id":"kotlin.jps.target","version":"1"},"event":{"count":1,"data":{"plugin_version":"1.3.41-release-IJ2019.2-1","created":1565090759874},"id":"jvm"}}
{"recorder_version":"20","session":"ee7c2798f21e","build":"192.5728.98","bucket":"58","time":1565090760124,"group":{"id":"project.fs","version":"1"},"event":{"state":true,"data":{"os":"Mac","cs-project":false,"created":1565090760124,"project":"14d3fc52796497d0fc5b17be3743dce6f62f93b1da7237e749db3f1a1f093797","cs-implicit":true,"cs-system":false},"id":"case-sensitivity"}}
{"recorder_version":"20","session":"ee7c2798f21e","build":"192.5728.98","bucket":"58","time":1565090760124,"group":{"id":"project.fs","version":"1"},"event":{"state":true,"data":{"created":1565090760124},"id":"invoked"}}
{"recorder_version":"20","session":"ee7c2798f21e","build":"192.5728.98","bucket":"58","time":1565090760124,"group":{"id":"project.fs","version":"1"},"event":{"state":true,"data":{"pct-non-watched":0,"created":1565090760124,"project":"14d3fc52796497d0fc5b17be3743dce6f62f93b1da7237e749db3f1a1f093797"},"id":"roots-watched"}}
{"recorder_version":"20","session":"ee7c2798f21e","build":"192.5728.98","bucket":"58","time":1565090760124,"group":{"id":"project.fs","version":"1"},"event":{"state":true,"data":{"created":1565090760124},"id":"invoked"}}
{"recorder_version":"20","session":"ee7c2798f21e","build":"192.5728.98","bucket":"58","time":1565090760175,"group":{"id":"settings","version":"4"},"event":{"state":true,"data":{"component":"XmlEditorOptions","created":1565090760175},"id":"invoked"}}
{"recorder_version":"20","session":"ee7c2798f21e","build":"192.5728.98","bucket":"58","time":1565090760197,"group":{"id":"ui.dialogs","version":"20"},"event":{"count":1,"data":{"code":1,"created":1565090760198,"plugin_type":"PLATFORM","type":"close"},"id":"com.intellij.openapi.progress.util.ProgressDialog$MyDialogWrapper"}}
{"recorder_version":"20","session":"ee7c2798f21e","build":"192.5728.98","bucket":"58","time":1565090760621,"group":{"id":"lifecycle","version":"20"},"event":{"count":1,"data":{"duration_ms":3343,"created":1565090760621,"project":"14d3fc52796497d0fc5b17be3743dce6f62f93b1da7237e749db3f1a1f093797"},"id":"project.opening.finished"}}
{"recorder_version":"20","session":"ee7c2798f21e","build":"192.5728.98","bucket":"58","time":1565090760654,"group":{"id":"ui.dialogs","version":"20"},"event":{"count":1,"data":{"code":1,"created":1565090760654,"plugin_type":"PLATFORM","type":"close"},"id":"com.intellij.ide.util.TipDialog"}}
{"recorder_version":"20","session":"ee7c2798f21e","build":"192.5728.98","bucket":"58","time":1565090761051,"group":{"id":"vcs.change.reminder","version":"1"},"event":{"count":1,"data":{"created":1565090761051,"project":"14d3fc52796497d0fc5b17be3743dce6f62f93b1da7237e749db3f1a1f093797","execution_time":13},"id":"prediction.calculated"}}
{"recorder_version":"20","session":"ee7c2798f21e","build":"192.5728.98","bucket":"58","time":1565090761614,"group":{"id":"vcs.change.reminder","version":"1"},"event":{"count":1,"data":{"created":1565090761614,"project":"14d3fc52796497d0fc5b17be3743dce6f62f93b1da7237e749db3f1a1f093797","execution_time":12},"id":"prediction.calculated"}}
{"recorder_version":"20","session":"ee7c2798f21e","build":"192.5728.98","bucket":"58","time":1565090761699,"group":{"id":"vcs.change.reminder","version":"1"},"event":{"count":1,"data":{"created":1565090761699,"project":"14d3fc52796497d0fc5b17be3743dce6f62f93b1da7237e749db3f1a1f093797","execution_time":11},"id":"prediction.calculated"}}
{"recorder_version":"20","session":"ee7c2798f21e","build":"192.5728.98","bucket":"58","time":1565090762239,"group":{"id":"actions","version":"20"},"event":{"count":1,"data":{"context_menu":false,"plugin":"idea-plugin.kotlin-process","created":1565090762240,"plugin_type":"JB_NOT_BUNDLED","project":"14d3fc52796497d0fc5b17be3743dce6f62f93b1da7237e749db3f1a1f093797","place":"keyboard_shortcut","class":"org.jetbrains.kotlinProcessPlugin.actions.TicketAction","input_event":"Meta+Alt+I"},"id":"org.jetbrains.kotlinProcessPlugin.actions.TicketAction"}}
{"recorder_version":"20","session":"ee7c2798f21e","build":"192.5728.98","bucket":"58","time":1565090762410,"group":{"id":"ui.dialogs","version":"20"},"event":{"count":1,"data":{"plugin":"idea-plugin.kotlin-process","created":1565090762410,"plugin_type":"JB_NOT_BUNDLED","type":"show"},"id":"org.jetbrains.kotlinProcessPlugin.ui.issue.TicketSelectionDialog"}}
{"recorder_version":"20","session":"ee7c2798f21e","build":"192.5728.98","bucket":"58","time":1565090764910,"group":{"id":"performance","version":"20"},"event":{"count":1,"data":{"duration_ms":269,"created":1565090764910},"id":"ui.lagging"}}
{"recorder_version":"20","session":"ee7c2798f21e","build":"192.5728.98","bucket":"58","time":1565090788539,"group":{"id":"lifecycle","version":"20"},"event":{"count":1,"data":{"created":1565090788540,"project":"14d3fc52796497d0fc5b17be3743dce6f62f93b1da7237e749db3f1a1f093797"},"id":"frame.deactivated"}}
{"recorder_version":"20","session":"ee7c2798f21e","build":"192.5728.98","bucket":"58","time":1565090801826,"group":{"id":"lifecycle","version":"20"},"event":{"count":1,"data":{"created":1565090801826,"project":"14d3fc52796497d0fc5b17be3743dce6f62f93b1da7237e749db3f1a1f093797"},"id":"frame.activated"}}
{"recorder_version":"20","session":"ee7c2798f21e","build":"192.5728.98","bucket":"58","time":1565090804907,"group":{"id":"performance","version":"20"},"event":{"count":1,"data":{"duration_ms":137,"created":1565090804908},"id":"ui.lagging"}}
{"recorder_version":"20","session":"ee7c2798f21e","build":"192.5728.98","bucket":"58","time":1565090815287,"group":{"id":"ui.dialogs","version":"20"},"event":{"count":1,"data":{"code":1,"plugin":"idea-plugin.kotlin-process","created":1565090815287,"plugin_type":"JB_NOT_BUNDLED","type":"close"},"id":"org.jetbrains.kotlinProcessPlugin.ui.issue.TicketSelectionDialog"}}
{"recorder_version":"20","session":"ee7c2798f21e","build":"192.5728.98","bucket":"58","time":1565090857914,"group":{"id":"performance","version":"20"},"event":{"count":1,"data":{"duration_ms":1,"created":1565090857914},"id":"ui.latency"}}
{"recorder_version":"20","session":"ee7c2798f21e","build":"192.5728.98","bucket":"58","time":1565090861218,"group":{"id":"lifecycle","version":"20"},"event":{"count":1,"data":{"created":1565090861218,"project":"14d3fc52796497d0fc5b17be3743dce6f62f93b1da7237e749db3f1a1f093797"},"id":"frame.deactivated"}}
