{"recorder_version":"20","session":"f600408907a4","build":"192.5728.98","bucket":"58","time":1565089477979,"group":{"id":"settings","version":"4"},"event":{"state":true,"data":{"component":"NotRoamableUiSettings","created":1565089478090},"id":"invoked"}}
{"recorder_version":"20","session":"f600408907a4","build":"192.5728.98","bucket":"58","time":1565089477980,"group":{"id":"settings","version":"4"},"event":{"state":true,"data":{"component":"UISettings","created":1565089478091},"id":"invoked"}}
{"recorder_version":"20","session":"f600408907a4","build":"192.5728.98","bucket":"58","time":1565089477981,"group":{"id":"system.java","version":"1"},"event":{"state":true,"data":{"created":1565089478098,"version":"1.11"},"id":"JetBrains"}}
{"recorder_version":"20","session":"f600408907a4","build":"192.5728.98","bucket":"58","time":1565089477981,"group":{"id":"system.java","version":"1"},"event":{"state":true,"data":{"created":1565089478098},"id":"invoked"}}
{"recorder_version":"20","session":"f600408907a4","build":"192.5728.98","bucket":"58","time":1565089477998,"group":{"id":"system.os","version":"3"},"event":{"state":true,"data":{"created":1565089478099,"version":"10.14"},"id":"Mac"}}
{"recorder_version":"20","session":"f600408907a4","build":"192.5728.98","bucket":"58","time":1565089477998,"group":{"id":"system.os","version":"3"},"event":{"state":true,"data":{"created":1565089478099,"name":"Mac","version":"10.14"},"id":"os.name"}}
{"recorder_version":"20","session":"f600408907a4","build":"192.5728.98","bucket":"58","time":1565089477998,"group":{"id":"system.os","version":"3"},"event":{"state":true,"data":{"created":1565089478100,"value":"+03_00"},"id":"os.timezone"}}
{"recorder_version":"20","session":"f600408907a4","build":"192.5728.98","bucket":"58","time":1565089477998,"group":{"id":"system.os","version":"3"},"event":{"state":true,"data":{"created":1565089478101},"id":"invoked"}}
{"recorder_version":"20","session":"f600408907a4","build":"192.5728.98","bucket":"58","time":1565089478089,"group":{"id":"event.log","version":"20"},"event":{"count":1,"data":{"created":1565089478101,"version":"645.0"},"id":"whitelist.loaded"}}
{"recorder_version":"20","session":"f600408907a4","build":"192.5728.98","bucket":"58","time":1565089479368,"group":{"id":"settings","version":"4"},"event":{"state":true,"data":{"component":"UpdatesConfigurable","created":1565089479368,"name":"checkNeeded","type":"bool","value":false},"id":"not.default"}}
{"recorder_version":"20","session":"f600408907a4","build":"192.5728.98","bucket":"58","time":1565089479368,"group":{"id":"settings","version":"4"},"event":{"state":true,"data":{"component":"UpdatesConfigurable","created":1565089479368},"id":"invoked"}}
{"recorder_version":"20","session":"f600408907a4","build":"192.5728.98","bucket":"58","time":1565089479472,"group":{"id":"settings","version":"4"},"event":{"state":true,"data":{"component":"GeneralSettings","created":1565089479472},"id":"invoked"}}
{"recorder_version":"20","session":"f600408907a4","build":"192.5728.98","bucket":"58","time":1565089479477,"group":{"id":"lifecycle","version":"20"},"event":{"count":1,"data":{"internal":true,"eap":false,"created":1565089479477},"id":"ide.start"}}
{"recorder_version":"20","session":"f600408907a4","build":"192.5728.98","bucket":"58","time":1565089479717,"group":{"id":"lifecycle","version":"20"},"event":{"count":1,"data":{"created":1565089479718},"id":"frame.activated"}}
{"recorder_version":"20","session":"f600408907a4","build":"192.5728.98","bucket":"58","time":1565089480121,"group":{"id":"ui.dialogs","version":"20"},"event":{"count":1,"data":{"created":1565089480121,"plugin_type":"PLATFORM","type":"show"},"id":"com.intellij.openapi.progress.util.ProgressDialog$MyDialogWrapper"}}
{"recorder_version":"20","session":"f600408907a4","build":"192.5728.98","bucket":"58","time":1565089480175,"group":{"id":"performance","version":"20"},"event":{"count":1,"data":{"duration_ms":74,"created":1565089480176},"id":"ui.latency"}}
{"recorder_version":"20","session":"f600408907a4","build":"192.5728.98","bucket":"58","time":1565089481154,"group":{"id":"lifecycle","version":"20"},"event":{"count":1,"data":{"created":1565089481155,"project":"14d3fc52796497d0fc5b17be3743dce6f62f93b1da7237e749db3f1a1f093797"},"id":"project.opened"}}
{"recorder_version":"20","session":"f600408907a4","build":"192.5728.98","bucket":"58","time":1565089482468,"group":{"id":"performance","version":"20"},"event":{"count":1,"data":{"duration_ms":362,"created":1565089482469},"id":"ui.lagging"}}
{"recorder_version":"20","session":"f600408907a4","build":"192.5728.98","bucket":"58","time":1565089482527,"group":{"id":"ui.tips","version":"2"},"event":{"count":1,"data":{"created":1565089482528,"type":"automatically"},"id":"dialog.shown"}}
{"recorder_version":"20","session":"f600408907a4","build":"192.5728.98","bucket":"58","time":1565089482584,"group":{"id":"ui.dialogs","version":"20"},"event":{"count":1,"data":{"created":1565089482584,"plugin_type":"PLATFORM","type":"show"},"id":"com.intellij.ide.util.TipDialog"}}
{"recorder_version":"20","session":"f600408907a4","build":"192.5728.98","bucket":"58","time":1565089483542,"group":{"id":"kotlin.jps.target","version":"1"},"event":{"count":1,"data":{"plugin_version":"1.3.41-release-IJ2019.2-1","created":1565089483542},"id":"jvm"}}
{"recorder_version":"20","session":"f600408907a4","build":"192.5728.98","bucket":"58","time":1565089483796,"group":{"id":"project.fs","version":"1"},"event":{"state":true,"data":{"os":"Mac","cs-project":false,"created":1565089483796,"project":"14d3fc52796497d0fc5b17be3743dce6f62f93b1da7237e749db3f1a1f093797","cs-implicit":true,"cs-system":false},"id":"case-sensitivity"}}
{"recorder_version":"20","session":"f600408907a4","build":"192.5728.98","bucket":"58","time":1565089483796,"group":{"id":"project.fs","version":"1"},"event":{"state":true,"data":{"created":1565089483796},"id":"invoked"}}
{"recorder_version":"20","session":"f600408907a4","build":"192.5728.98","bucket":"58","time":1565089483797,"group":{"id":"project.fs","version":"1"},"event":{"state":true,"data":{"pct-non-watched":0,"created":1565089483797,"project":"14d3fc52796497d0fc5b17be3743dce6f62f93b1da7237e749db3f1a1f093797"},"id":"roots-watched"}}
{"recorder_version":"20","session":"f600408907a4","build":"192.5728.98","bucket":"58","time":1565089483797,"group":{"id":"project.fs","version":"1"},"event":{"state":true,"data":{"created":1565089483797},"id":"invoked"}}
{"recorder_version":"20","session":"f600408907a4","build":"192.5728.98","bucket":"58","time":1565089484174,"group":{"id":"settings","version":"4"},"event":{"state":true,"data":{"component":"XmlEditorOptions","created":1565089484174},"id":"invoked"}}
{"recorder_version":"20","session":"f600408907a4","build":"192.5728.98","bucket":"58","time":1565089484200,"group":{"id":"ui.dialogs","version":"20"},"event":{"count":1,"data":{"code":1,"created":1565089484200,"plugin_type":"PLATFORM","type":"close"},"id":"com.intellij.openapi.progress.util.ProgressDialog$MyDialogWrapper"}}
{"recorder_version":"20","session":"f600408907a4","build":"192.5728.98","bucket":"58","time":1565089484213,"group":{"id":"performance","version":"20"},"event":{"count":1,"data":{"duration_ms":102,"created":1565089484213},"id":"ui.lagging"}}
{"recorder_version":"20","session":"f600408907a4","build":"192.5728.98","bucket":"58","time":1565089484656,"group":{"id":"lifecycle","version":"20"},"event":{"count":1,"data":{"duration_ms":4802,"created":1565089484656,"project":"14d3fc52796497d0fc5b17be3743dce6f62f93b1da7237e749db3f1a1f093797"},"id":"project.opening.finished"}}
{"recorder_version":"20","session":"f600408907a4","build":"192.5728.98","bucket":"58","time":1565089485331,"group":{"id":"vcs.change.reminder","version":"1"},"event":{"count":1,"data":{"created":1565089485331,"project":"14d3fc52796497d0fc5b17be3743dce6f62f93b1da7237e749db3f1a1f093797","execution_time":83},"id":"prediction.calculated"}}
{"recorder_version":"20","session":"f600408907a4","build":"192.5728.98","bucket":"58","time":1565089485573,"group":{"id":"vcs.change.reminder","version":"1"},"event":{"count":2,"data":{"last":1565089485604,"created":1565089485573,"project":"14d3fc52796497d0fc5b17be3743dce6f62f93b1da7237e749db3f1a1f093797","execution_time":16},"id":"prediction.calculated"}}
{"recorder_version":"20","session":"f600408907a4","build":"192.5728.98","bucket":"58","time":1565089521252,"group":{"id":"ui.dialogs","version":"20"},"event":{"count":1,"data":{"code":1,"created":1565089521252,"plugin_type":"PLATFORM","type":"close"},"id":"com.intellij.ide.util.TipDialog"}}
{"recorder_version":"20","session":"f600408907a4","build":"192.5728.98","bucket":"58","time":1565089523475,"group":{"id":"actions","version":"20"},"event":{"count":1,"data":{"context_menu":false,"plugin":"idea-plugin.kotlin-process","created":1565089523475,"plugin_type":"JB_NOT_BUNDLED","project":"14d3fc52796497d0fc5b17be3743dce6f62f93b1da7237e749db3f1a1f093797","place":"keyboard_shortcut","class":"org.jetbrains.kotlinProcessPlugin.actions.TicketAction","input_event":"Meta+Alt+I"},"id":"org.jetbrains.kotlinProcessPlugin.actions.TicketAction"}}
