{"recorder_version":"20","session":"435130623eec","build":"192.5728.98","bucket":"58","time":1565090024579,"group":{"id":"settings","version":"4"},"event":{"state":true,"data":{"component":"NotRoamableUiSettings","created":1565090024662},"id":"invoked"}}
{"recorder_version":"20","session":"435130623eec","build":"192.5728.98","bucket":"58","time":1565090024581,"group":{"id":"settings","version":"4"},"event":{"state":true,"data":{"component":"UISettings","created":1565090024663},"id":"invoked"}}
{"recorder_version":"20","session":"435130623eec","build":"192.5728.98","bucket":"58","time":1565090024581,"group":{"id":"system.java","version":"1"},"event":{"state":true,"data":{"created":1565090024670,"version":"1.11"},"id":"JetBrains"}}
{"recorder_version":"20","session":"435130623eec","build":"192.5728.98","bucket":"58","time":1565090024581,"group":{"id":"system.java","version":"1"},"event":{"state":true,"data":{"created":1565090024671},"id":"invoked"}}
{"recorder_version":"20","session":"435130623eec","build":"192.5728.98","bucket":"58","time":1565090024599,"group":{"id":"system.os","version":"3"},"event":{"state":true,"data":{"created":1565090024671,"version":"10.14"},"id":"Mac"}}
{"recorder_version":"20","session":"435130623eec","build":"192.5728.98","bucket":"58","time":1565090024599,"group":{"id":"system.os","version":"3"},"event":{"state":true,"data":{"created":1565090024672,"name":"Mac","version":"10.14"},"id":"os.name"}}
{"recorder_version":"20","session":"435130623eec","build":"192.5728.98","bucket":"58","time":1565090024599,"group":{"id":"system.os","version":"3"},"event":{"state":true,"data":{"created":1565090024673,"value":"+03_00"},"id":"os.timezone"}}
{"recorder_version":"20","session":"435130623eec","build":"192.5728.98","bucket":"58","time":1565090024599,"group":{"id":"system.os","version":"3"},"event":{"state":true,"data":{"created":1565090024673},"id":"invoked"}}
{"recorder_version":"20","session":"435130623eec","build":"192.5728.98","bucket":"58","time":1565090024662,"group":{"id":"event.log","version":"20"},"event":{"count":1,"data":{"created":1565090024674,"version":"645.0"},"id":"whitelist.loaded"}}
{"recorder_version":"20","session":"435130623eec","build":"192.5728.98","bucket":"58","time":1565090025826,"group":{"id":"settings","version":"4"},"event":{"state":true,"data":{"component":"UpdatesConfigurable","created":1565090025826,"name":"checkNeeded","type":"bool","value":false},"id":"not.default"}}
{"recorder_version":"20","session":"435130623eec","build":"192.5728.98","bucket":"58","time":1565090025826,"group":{"id":"settings","version":"4"},"event":{"state":true,"data":{"component":"UpdatesConfigurable","created":1565090025827},"id":"invoked"}}
{"recorder_version":"20","session":"435130623eec","build":"192.5728.98","bucket":"58","time":1565090025947,"group":{"id":"settings","version":"4"},"event":{"state":true,"data":{"component":"GeneralSettings","created":1565090025947},"id":"invoked"}}
{"recorder_version":"20","session":"435130623eec","build":"192.5728.98","bucket":"58","time":1565090025950,"group":{"id":"lifecycle","version":"20"},"event":{"count":1,"data":{"internal":true,"eap":false,"created":1565090025950},"id":"ide.start"}}
{"recorder_version":"20","session":"435130623eec","build":"192.5728.98","bucket":"58","time":1565090026135,"group":{"id":"lifecycle","version":"20"},"event":{"count":1,"data":{"created":1565090026135},"id":"frame.activated"}}
{"recorder_version":"20","session":"435130623eec","build":"192.5728.98","bucket":"58","time":1565090026525,"group":{"id":"ui.dialogs","version":"20"},"event":{"count":1,"data":{"created":1565090026525,"plugin_type":"PLATFORM","type":"show"},"id":"com.intellij.openapi.progress.util.ProgressDialog$MyDialogWrapper"}}
{"recorder_version":"20","session":"435130623eec","build":"192.5728.98","bucket":"58","time":1565090026583,"group":{"id":"performance","version":"20"},"event":{"count":1,"data":{"duration_ms":2,"created":1565090026583},"id":"ui.latency"}}
{"recorder_version":"20","session":"435130623eec","build":"192.5728.98","bucket":"58","time":1565090027359,"group":{"id":"lifecycle","version":"20"},"event":{"count":1,"data":{"created":1565090027359,"project":"14d3fc52796497d0fc5b17be3743dce6f62f93b1da7237e749db3f1a1f093797"},"id":"project.opened"}}
{"recorder_version":"20","session":"435130623eec","build":"192.5728.98","bucket":"58","time":1565090027926,"group":{"id":"performance","version":"20"},"event":{"count":1,"data":{"duration_ms":339,"created":1565090027926},"id":"ui.lagging"}}
{"recorder_version":"20","session":"435130623eec","build":"192.5728.98","bucket":"58","time":1565090028306,"group":{"id":"ui.tips","version":"2"},"event":{"count":1,"data":{"created":1565090028306,"type":"automatically"},"id":"dialog.shown"}}
{"recorder_version":"20","session":"435130623eec","build":"192.5728.98","bucket":"58","time":1565090028351,"group":{"id":"ui.dialogs","version":"20"},"event":{"count":1,"data":{"created":1565090028351,"plugin_type":"PLATFORM","type":"show"},"id":"com.intellij.ide.util.TipDialog"}}
{"recorder_version":"20","session":"435130623eec","build":"192.5728.98","bucket":"58","time":1565090028996,"group":{"id":"kotlin.jps.target","version":"1"},"event":{"count":1,"data":{"plugin_version":"1.3.41-release-IJ2019.2-1","created":1565090028996},"id":"jvm"}}
{"recorder_version":"20","session":"435130623eec","build":"192.5728.98","bucket":"58","time":1565090029249,"group":{"id":"project.fs","version":"1"},"event":{"state":true,"data":{"os":"Mac","cs-project":false,"created":1565090029249,"project":"14d3fc52796497d0fc5b17be3743dce6f62f93b1da7237e749db3f1a1f093797","cs-implicit":true,"cs-system":false},"id":"case-sensitivity"}}
{"recorder_version":"20","session":"435130623eec","build":"192.5728.98","bucket":"58","time":1565090029249,"group":{"id":"project.fs","version":"1"},"event":{"state":true,"data":{"created":1565090029250},"id":"invoked"}}
{"recorder_version":"20","session":"435130623eec","build":"192.5728.98","bucket":"58","time":1565090029250,"group":{"id":"project.fs","version":"1"},"event":{"state":true,"data":{"pct-non-watched":0,"created":1565090029250,"project":"14d3fc52796497d0fc5b17be3743dce6f62f93b1da7237e749db3f1a1f093797"},"id":"roots-watched"}}
{"recorder_version":"20","session":"435130623eec","build":"192.5728.98","bucket":"58","time":1565090029250,"group":{"id":"project.fs","version":"1"},"event":{"state":true,"data":{"created":1565090029250},"id":"invoked"}}
{"recorder_version":"20","session":"435130623eec","build":"192.5728.98","bucket":"58","time":1565090029341,"group":{"id":"settings","version":"4"},"event":{"state":true,"data":{"component":"XmlEditorOptions","created":1565090029341},"id":"invoked"}}
{"recorder_version":"20","session":"435130623eec","build":"192.5728.98","bucket":"58","time":1565090029356,"group":{"id":"ui.dialogs","version":"20"},"event":{"count":1,"data":{"code":1,"created":1565090029356,"plugin_type":"PLATFORM","type":"close"},"id":"com.intellij.openapi.progress.util.ProgressDialog$MyDialogWrapper"}}
{"recorder_version":"20","session":"435130623eec","build":"192.5728.98","bucket":"58","time":1565090029737,"group":{"id":"lifecycle","version":"20"},"event":{"count":1,"data":{"duration_ms":3457,"created":1565090029737,"project":"14d3fc52796497d0fc5b17be3743dce6f62f93b1da7237e749db3f1a1f093797"},"id":"project.opening.finished"}}
{"recorder_version":"20","session":"435130623eec","build":"192.5728.98","bucket":"58","time":1565090029757,"group":{"id":"performance","version":"20"},"event":{"count":1,"data":{"duration_ms":168,"created":1565090029757},"id":"ui.lagging"}}
{"recorder_version":"20","session":"435130623eec","build":"192.5728.98","bucket":"58","time":1565090029794,"group":{"id":"actions","version":"20"},"event":{"count":1,"data":{"context_menu":false,"created":1565090029794,"plugin_type":"PLATFORM","project":"14d3fc52796497d0fc5b17be3743dce6f62f93b1da7237e749db3f1a1f093797","place":"TouchBarGeneral","class":"com.intellij.ui.mac.touchbar.BuildUtils$3","input_event":"Touchbar"},"id":"com.intellij.ui.mac.touchbar.BuildUtils$3"}}
{"recorder_version":"20","session":"435130623eec","build":"192.5728.98","bucket":"58","time":1565090029795,"group":{"id":"ui.dialogs","version":"20"},"event":{"count":1,"data":{"code":1,"created":1565090029795,"plugin_type":"PLATFORM","type":"close"},"id":"com.intellij.ide.util.TipDialog"}}
{"recorder_version":"20","session":"435130623eec","build":"192.5728.98","bucket":"58","time":1565090030253,"group":{"id":"vcs.change.reminder","version":"1"},"event":{"count":1,"data":{"created":1565090030253,"project":"14d3fc52796497d0fc5b17be3743dce6f62f93b1da7237e749db3f1a1f093797","execution_time":48},"id":"prediction.calculated"}}
{"recorder_version":"20","session":"435130623eec","build":"192.5728.98","bucket":"58","time":1565090030266,"group":{"id":"vcs.change.reminder","version":"1"},"event":{"count":1,"data":{"created":1565090030266,"project":"14d3fc52796497d0fc5b17be3743dce6f62f93b1da7237e749db3f1a1f093797","execution_time":13},"id":"prediction.calculated"}}
{"recorder_version":"20","session":"435130623eec","build":"192.5728.98","bucket":"58","time":1565090030680,"group":{"id":"vcs.change.reminder","version":"1"},"event":{"count":1,"data":{"created":1565090030680,"project":"14d3fc52796497d0fc5b17be3743dce6f62f93b1da7237e749db3f1a1f093797","execution_time":15},"id":"prediction.calculated"}}
{"recorder_version":"20","session":"435130623eec","build":"192.5728.98","bucket":"58","time":1565090030723,"group":{"id":"vcs.change.reminder","version":"1"},"event":{"count":1,"data":{"created":1565090030723,"project":"14d3fc52796497d0fc5b17be3743dce6f62f93b1da7237e749db3f1a1f093797","execution_time":12},"id":"prediction.calculated"}}
{"recorder_version":"20","session":"435130623eec","build":"192.5728.98","bucket":"58","time":1565090030980,"group":{"id":"actions","version":"20"},"event":{"count":1,"data":{"context_menu":false,"plugin":"idea-plugin.kotlin-process","created":1565090030981,"plugin_type":"JB_NOT_BUNDLED","project":"14d3fc52796497d0fc5b17be3743dce6f62f93b1da7237e749db3f1a1f093797","place":"keyboard_shortcut","class":"org.jetbrains.kotlinProcessPlugin.actions.TicketAction","input_event":"Meta+Alt+I"},"id":"org.jetbrains.kotlinProcessPlugin.actions.TicketAction"}}
{"recorder_version":"20","session":"435130623eec","build":"192.5728.98","bucket":"58","time":1565090031110,"group":{"id":"ui.dialogs","version":"20"},"event":{"count":1,"data":{"plugin":"idea-plugin.kotlin-process","created":1565090031110,"plugin_type":"JB_NOT_BUNDLED","type":"show"},"id":"org.jetbrains.kotlinProcessPlugin.ui.issue.TicketSelectionDialog"}}
{"recorder_version":"20","session":"435130623eec","build":"192.5728.98","bucket":"58","time":1565090033808,"group":{"id":"performance","version":"20"},"event":{"count":1,"data":{"duration_ms":213,"created":1565090033808},"id":"ui.lagging"}}
{"recorder_version":"20","session":"435130623eec","build":"192.5728.98","bucket":"58","time":1565090044481,"group":{"id":"lifecycle","version":"20"},"event":{"count":1,"data":{"created":1565090044481,"project":"14d3fc52796497d0fc5b17be3743dce6f62f93b1da7237e749db3f1a1f093797"},"id":"frame.deactivated"}}
{"recorder_version":"20","session":"435130623eec","build":"192.5728.98","bucket":"58","time":1565090046759,"group":{"id":"lifecycle","version":"20"},"event":{"count":1,"data":{"created":1565090046759,"project":"14d3fc52796497d0fc5b17be3743dce6f62f93b1da7237e749db3f1a1f093797"},"id":"frame.activated"}}
{"recorder_version":"20","session":"435130623eec","build":"192.5728.98","bucket":"58","time":1565090063786,"group":{"id":"lifecycle","version":"20"},"event":{"count":1,"data":{"created":1565090063786,"project":"14d3fc52796497d0fc5b17be3743dce6f62f93b1da7237e749db3f1a1f093797"},"id":"frame.deactivated"}}
{"recorder_version":"20","session":"435130623eec","build":"192.5728.98","bucket":"58","time":1565090077907,"group":{"id":"lifecycle","version":"20"},"event":{"count":1,"data":{"created":1565090077907,"project":"14d3fc52796497d0fc5b17be3743dce6f62f93b1da7237e749db3f1a1f093797"},"id":"frame.activated"}}
{"recorder_version":"20","session":"435130623eec","build":"192.5728.98","bucket":"58","time":1565090081751,"group":{"id":"lifecycle","version":"20"},"event":{"count":1,"data":{"created":1565090081752,"project":"14d3fc52796497d0fc5b17be3743dce6f62f93b1da7237e749db3f1a1f093797"},"id":"frame.deactivated"}}
{"recorder_version":"20","session":"435130623eec","build":"192.5728.98","bucket":"58","time":1565090085536,"group":{"id":"lifecycle","version":"20"},"event":{"count":1,"data":{"created":1565090085536,"project":"14d3fc52796497d0fc5b17be3743dce6f62f93b1da7237e749db3f1a1f093797"},"id":"frame.activated"}}
