{"recorder_version":"20","session":"472afa2aef06","build":"192.5728.98","bucket":"58","time":1565090220937,"group":{"id":"settings","version":"4"},"event":{"state":true,"data":{"component":"NotRoamableUiSettings","created":1565090221012},"id":"invoked"}}
{"recorder_version":"20","session":"472afa2aef06","build":"192.5728.98","bucket":"58","time":1565090220938,"group":{"id":"settings","version":"4"},"event":{"state":true,"data":{"component":"UISettings","created":1565090221013},"id":"invoked"}}
{"recorder_version":"20","session":"472afa2aef06","build":"192.5728.98","bucket":"58","time":1565090220938,"group":{"id":"system.java","version":"1"},"event":{"state":true,"data":{"created":1565090221020,"version":"1.11"},"id":"JetBrains"}}
{"recorder_version":"20","session":"472afa2aef06","build":"192.5728.98","bucket":"58","time":1565090220938,"group":{"id":"system.java","version":"1"},"event":{"state":true,"data":{"created":1565090221020},"id":"invoked"}}
{"recorder_version":"20","session":"472afa2aef06","build":"192.5728.98","bucket":"58","time":1565090220961,"group":{"id":"system.os","version":"3"},"event":{"state":true,"data":{"created":1565090221021,"version":"10.14"},"id":"Mac"}}
{"recorder_version":"20","session":"472afa2aef06","build":"192.5728.98","bucket":"58","time":1565090220961,"group":{"id":"system.os","version":"3"},"event":{"state":true,"data":{"created":1565090221021,"name":"Mac","version":"10.14"},"id":"os.name"}}
{"recorder_version":"20","session":"472afa2aef06","build":"192.5728.98","bucket":"58","time":1565090220961,"group":{"id":"system.os","version":"3"},"event":{"state":true,"data":{"created":1565090221022,"value":"+03_00"},"id":"os.timezone"}}
{"recorder_version":"20","session":"472afa2aef06","build":"192.5728.98","bucket":"58","time":1565090220961,"group":{"id":"system.os","version":"3"},"event":{"state":true,"data":{"created":1565090221022},"id":"invoked"}}
{"recorder_version":"20","session":"472afa2aef06","build":"192.5728.98","bucket":"58","time":1565090221012,"group":{"id":"event.log","version":"20"},"event":{"count":1,"data":{"created":1565090221023,"version":"645.0"},"id":"whitelist.loaded"}}
{"recorder_version":"20","session":"472afa2aef06","build":"192.5728.98","bucket":"58","time":1565090222156,"group":{"id":"settings","version":"4"},"event":{"state":true,"data":{"component":"UpdatesConfigurable","created":1565090222156,"name":"checkNeeded","type":"bool","value":false},"id":"not.default"}}
{"recorder_version":"20","session":"472afa2aef06","build":"192.5728.98","bucket":"58","time":1565090222156,"group":{"id":"settings","version":"4"},"event":{"state":true,"data":{"component":"UpdatesConfigurable","created":1565090222157},"id":"invoked"}}
{"recorder_version":"20","session":"472afa2aef06","build":"192.5728.98","bucket":"58","time":1565090222263,"group":{"id":"settings","version":"4"},"event":{"state":true,"data":{"component":"GeneralSettings","created":1565090222263},"id":"invoked"}}
{"recorder_version":"20","session":"472afa2aef06","build":"192.5728.98","bucket":"58","time":1565090222267,"group":{"id":"lifecycle","version":"20"},"event":{"count":1,"data":{"internal":true,"eap":false,"created":1565090222267},"id":"ide.start"}}
{"recorder_version":"20","session":"472afa2aef06","build":"192.5728.98","bucket":"58","time":1565090222462,"group":{"id":"lifecycle","version":"20"},"event":{"count":1,"data":{"created":1565090222463},"id":"frame.activated"}}
{"recorder_version":"20","session":"472afa2aef06","build":"192.5728.98","bucket":"58","time":1565090222851,"group":{"id":"ui.dialogs","version":"20"},"event":{"count":1,"data":{"created":1565090222852,"plugin_type":"PLATFORM","type":"show"},"id":"com.intellij.openapi.progress.util.ProgressDialog$MyDialogWrapper"}}
{"recorder_version":"20","session":"472afa2aef06","build":"192.5728.98","bucket":"58","time":1565090222964,"group":{"id":"performance","version":"20"},"event":{"count":1,"data":{"duration_ms":37,"created":1565090222964},"id":"ui.latency"}}
{"recorder_version":"20","session":"472afa2aef06","build":"192.5728.98","bucket":"58","time":1565090223698,"group":{"id":"lifecycle","version":"20"},"event":{"count":1,"data":{"created":1565090223698,"project":"14d3fc52796497d0fc5b17be3743dce6f62f93b1da7237e749db3f1a1f093797"},"id":"project.opened"}}
{"recorder_version":"20","session":"472afa2aef06","build":"192.5728.98","bucket":"58","time":1565090224280,"group":{"id":"performance","version":"20"},"event":{"count":1,"data":{"duration_ms":349,"created":1565090224280},"id":"ui.lagging"}}
{"recorder_version":"20","session":"472afa2aef06","build":"192.5728.98","bucket":"58","time":1565090224633,"group":{"id":"ui.tips","version":"2"},"event":{"count":1,"data":{"created":1565090224633,"type":"automatically"},"id":"dialog.shown"}}
{"recorder_version":"20","session":"472afa2aef06","build":"192.5728.98","bucket":"58","time":1565090224684,"group":{"id":"ui.dialogs","version":"20"},"event":{"count":1,"data":{"created":1565090224684,"plugin_type":"PLATFORM","type":"show"},"id":"com.intellij.ide.util.TipDialog"}}
{"recorder_version":"20","session":"472afa2aef06","build":"192.5728.98","bucket":"58","time":1565090225049,"group":{"id":"performance","version":"20"},"event":{"count":1,"data":{"duration_ms":114,"created":1565090225049},"id":"ui.lagging"}}
{"recorder_version":"20","session":"472afa2aef06","build":"192.5728.98","bucket":"58","time":1565090225300,"group":{"id":"kotlin.jps.target","version":"1"},"event":{"count":1,"data":{"plugin_version":"1.3.41-release-IJ2019.2-1","created":1565090225300},"id":"jvm"}}
{"recorder_version":"20","session":"472afa2aef06","build":"192.5728.98","bucket":"58","time":1565090225429,"group":{"id":"project.fs","version":"1"},"event":{"state":true,"data":{"os":"Mac","cs-project":false,"created":1565090225429,"project":"14d3fc52796497d0fc5b17be3743dce6f62f93b1da7237e749db3f1a1f093797","cs-implicit":true,"cs-system":false},"id":"case-sensitivity"}}
{"recorder_version":"20","session":"472afa2aef06","build":"192.5728.98","bucket":"58","time":1565090225429,"group":{"id":"project.fs","version":"1"},"event":{"state":true,"data":{"created":1565090225429},"id":"invoked"}}
{"recorder_version":"20","session":"472afa2aef06","build":"192.5728.98","bucket":"58","time":1565090225430,"group":{"id":"project.fs","version":"1"},"event":{"state":true,"data":{"pct-non-watched":0,"created":1565090225430,"project":"14d3fc52796497d0fc5b17be3743dce6f62f93b1da7237e749db3f1a1f093797"},"id":"roots-watched"}}
{"recorder_version":"20","session":"472afa2aef06","build":"192.5728.98","bucket":"58","time":1565090225430,"group":{"id":"project.fs","version":"1"},"event":{"state":true,"data":{"created":1565090225430},"id":"invoked"}}
{"recorder_version":"20","session":"472afa2aef06","build":"192.5728.98","bucket":"58","time":1565090225448,"group":{"id":"settings","version":"4"},"event":{"state":true,"data":{"component":"XmlEditorOptions","created":1565090225448},"id":"invoked"}}
{"recorder_version":"20","session":"472afa2aef06","build":"192.5728.98","bucket":"58","time":1565090225598,"group":{"id":"ui.dialogs","version":"20"},"event":{"count":1,"data":{"code":1,"created":1565090225599,"plugin_type":"PLATFORM","type":"close"},"id":"com.intellij.openapi.progress.util.ProgressDialog$MyDialogWrapper"}}
{"recorder_version":"20","session":"472afa2aef06","build":"192.5728.98","bucket":"58","time":1565090225633,"group":{"id":"lifecycle","version":"20"},"event":{"count":1,"data":{"duration_ms":3031,"created":1565090225633,"project":"14d3fc52796497d0fc5b17be3743dce6f62f93b1da7237e749db3f1a1f093797"},"id":"project.opening.finished"}}
{"recorder_version":"20","session":"472afa2aef06","build":"192.5728.98","bucket":"58","time":1565090226252,"group":{"id":"actions","version":"20"},"event":{"count":1,"data":{"context_menu":false,"created":1565090226253,"plugin_type":"PLATFORM","project":"14d3fc52796497d0fc5b17be3743dce6f62f93b1da7237e749db3f1a1f093797","place":"TouchBarGeneral","class":"com.intellij.ui.mac.touchbar.BuildUtils$3","input_event":"Touchbar"},"id":"com.intellij.ui.mac.touchbar.BuildUtils$3"}}
{"recorder_version":"20","session":"472afa2aef06","build":"192.5728.98","bucket":"58","time":1565090226254,"group":{"id":"ui.dialogs","version":"20"},"event":{"count":1,"data":{"code":1,"created":1565090226254,"plugin_type":"PLATFORM","type":"close"},"id":"com.intellij.ide.util.TipDialog"}}
{"recorder_version":"20","session":"472afa2aef06","build":"192.5728.98","bucket":"58","time":1565090226442,"group":{"id":"vcs.change.reminder","version":"1"},"event":{"count":1,"data":{"created":1565090226442,"project":"14d3fc52796497d0fc5b17be3743dce6f62f93b1da7237e749db3f1a1f093797","execution_time":14},"id":"prediction.calculated"}}
{"recorder_version":"20","session":"472afa2aef06","build":"192.5728.98","bucket":"58","time":1565090226454,"group":{"id":"vcs.change.reminder","version":"1"},"event":{"count":1,"data":{"created":1565090226454,"project":"14d3fc52796497d0fc5b17be3743dce6f62f93b1da7237e749db3f1a1f093797","execution_time":12},"id":"prediction.calculated"}}
{"recorder_version":"20","session":"472afa2aef06","build":"192.5728.98","bucket":"58","time":1565090226470,"group":{"id":"vcs.change.reminder","version":"1"},"event":{"count":1,"data":{"created":1565090226470,"project":"14d3fc52796497d0fc5b17be3743dce6f62f93b1da7237e749db3f1a1f093797","execution_time":16},"id":"prediction.calculated"}}
{"recorder_version":"20","session":"472afa2aef06","build":"192.5728.98","bucket":"58","time":1565090226928,"group":{"id":"vcs.change.reminder","version":"1"},"event":{"count":1,"data":{"created":1565090226928,"project":"14d3fc52796497d0fc5b17be3743dce6f62f93b1da7237e749db3f1a1f093797","execution_time":15},"id":"prediction.calculated"}}
{"recorder_version":"20","session":"472afa2aef06","build":"192.5728.98","bucket":"58","time":1565090226974,"group":{"id":"vcs.change.reminder","version":"1"},"event":{"count":1,"data":{"created":1565090226974,"project":"14d3fc52796497d0fc5b17be3743dce6f62f93b1da7237e749db3f1a1f093797","execution_time":12},"id":"prediction.calculated"}}
{"recorder_version":"20","session":"472afa2aef06","build":"192.5728.98","bucket":"58","time":1565090229387,"group":{"id":"actions","version":"20"},"event":{"count":1,"data":{"context_menu":false,"plugin":"idea-plugin.kotlin-process","created":1565090229387,"plugin_type":"JB_NOT_BUNDLED","project":"14d3fc52796497d0fc5b17be3743dce6f62f93b1da7237e749db3f1a1f093797","place":"keyboard_shortcut","class":"org.jetbrains.kotlinProcessPlugin.actions.TicketAction","input_event":"Meta+Alt+I"},"id":"org.jetbrains.kotlinProcessPlugin.actions.TicketAction"}}
{"recorder_version":"20","session":"472afa2aef06","build":"192.5728.98","bucket":"58","time":1565090229545,"group":{"id":"ui.dialogs","version":"20"},"event":{"count":1,"data":{"plugin":"idea-plugin.kotlin-process","created":1565090229545,"plugin_type":"JB_NOT_BUNDLED","type":"show"},"id":"org.jetbrains.kotlinProcessPlugin.ui.issue.TicketSelectionDialog"}}
{"recorder_version":"20","session":"472afa2aef06","build":"192.5728.98","bucket":"58","time":1565090237747,"group":{"id":"ui.dialogs","version":"20"},"event":{"count":1,"data":{"code":1,"plugin":"idea-plugin.kotlin-process","created":1565090237747,"plugin_type":"JB_NOT_BUNDLED","type":"close"},"id":"org.jetbrains.kotlinProcessPlugin.ui.issue.TicketSelectionDialog"}}
{"recorder_version":"20","session":"472afa2aef06","build":"192.5728.98","bucket":"58","time":1565090239052,"group":{"id":"lifecycle","version":"20"},"event":{"count":1,"data":{"created":1565090239052,"project":"14d3fc52796497d0fc5b17be3743dce6f62f93b1da7237e749db3f1a1f093797"},"id":"frame.deactivated"}}
